- Sin files
sin_1: ceil=289 | floor=282 | peaks=3
sin_2: ceil=102 | floor=10 | peaks=2
sin_3: ceil=196 | floor=179 | peaks=1
sin_4: ceil=151 | floor=98 | peaks=1
sin_5: ceil=290 | floor=70 | peaks=1
sin_6: ceil=70 | floor=11 | peaks=3
- Cos files
cos_1: ceil=119 | floor=42 | peaks=2
cos_2: ceil=108 | floor=89 | peaks=2
cos_3: ceil=83 | floor=34 | peaks=2
cos_4: ceil=236 | floor=190 | peaks=1
cos_5: ceil=174 | floor=45 | peaks=2
cos_6: ceil=124 | floor=116 | peaks=3
- AbsSin files
abssin_1: ceil=93 | floor=73 | peaks=2
abssin_2: ceil=109 | floor=105 | peaks=3
abssin_3: ceil=43 | floor=34 | peaks=1
abssin_4: ceil=242 | floor=199 | peaks=1
abssin_5: ceil=104 | floor=51 | peaks=3
abssin_6: ceil=167 | floor=5 | peaks=1
- AbsCos files
abscos_1: ceil=300 | floor=13 | peaks=1
abscos_2: ceil=229 | floor=140 | peaks=1
abscos_3: ceil=56 | floor=13 | peaks=1
abscos_4: ceil=201 | floor=199 | peaks=2
abscos_5: ceil=288 | floor=162 | peaks=1
abscos_6: ceil=179 | floor=94 | peaks=1
- Random Stairs files
rdstairs_1: ceil=200 | floor=5
rdstairs_2: ceil=17 | floor=5
rdstairs_3: ceil=168 | floor=5
rdstairs_4: ceil=226 | floor=5
rdstairs_5: ceil=221 | floor=5
rdstairs_6: ceil=195 | floor=5
- Random Jump files
rdjump_1: ceil=38 | floor=5
rdjump_2: ceil=150 | floor=5
rdjump_3: ceil=71 | floor=5
rdjump_4: ceil=36 | floor=5
rdjump_5: ceil=240 | floor=5
rdjump_6: ceil=77 | floor=5
- Linear files
linear_1: ceil=6 | floor=6 | a=1
linear_2: ceil=209 | floor=21 | a=2
linear_3: ceil=108 | floor=65 | a=3
linear_4: ceil=287 | floor=70 | a=2
linear_5: ceil=68 | floor=9 | a=3
linear_6: ceil=91 | floor=84 | a=1
- Stairs Up files
stairsu_1: ceil=114 | floor=5
stairsu_2: ceil=217 | floor=5
stairsu_3: ceil=223 | floor=5
stairsu_4: ceil=258 | floor=5
stairsu_5: ceil=210 | floor=5
stairsu_6: ceil=53 | floor=5
- Stairs Down files
stairsd_1: ceil=273 | floor=5
stairsd_2: ceil=112 | floor=5
stairsd_3: ceil=94 | floor=5
stairsd_4: ceil=217 | floor=5
stairsd_5: ceil=257 | floor=5
stairsd_6: ceil=247 | floor=5
- Sin files
sin_7: ceil=237 | floor=233 | peaks=1
sin_8: ceil=256 | floor=207 | peaks=2
sin_9: ceil=290 | floor=178 | peaks=1
sin_10: ceil=261 | floor=199 | peaks=3
sin_11: ceil=289 | floor=209 | peaks=1
sin_12: ceil=284 | floor=207 | peaks=1
- Cos files
cos_7: ceil=291 | floor=157 | peaks=3
cos_8: ceil=150 | floor=150 | peaks=3
cos_9: ceil=235 | floor=213 | peaks=2
cos_10: ceil=196 | floor=184 | peaks=3
cos_11: ceil=293 | floor=278 | peaks=1
cos_12: ceil=240 | floor=199 | peaks=1
- AbsSin files
abssin_7: ceil=266 | floor=159 | peaks=1
abssin_8: ceil=154 | floor=153 | peaks=1
abssin_9: ceil=284 | floor=200 | peaks=3
abssin_10: ceil=168 | floor=152 | peaks=3
abssin_11: ceil=215 | floor=155 | peaks=1
abssin_12: ceil=180 | floor=157 | peaks=2
- AbsCos files
abscos_7: ceil=186 | floor=153 | peaks=3
abscos_8: ceil=268 | floor=199 | peaks=2
abscos_9: ceil=228 | floor=223 | peaks=2
abscos_10: ceil=249 | floor=174 | peaks=1
abscos_11: ceil=171 | floor=163 | peaks=3
abscos_12: ceil=298 | floor=256 | peaks=2
- Random Stairs files
rdstairs_7: ceil=223 | floor=150
rdstairs_8: ceil=262 | floor=150
rdstairs_9: ceil=152 | floor=150
rdstairs_10: ceil=228 | floor=150
rdstairs_11: ceil=226 | floor=150
rdstairs_12: ceil=241 | floor=150
- Random Jump files
rdjump_7: ceil=268 | floor=150
rdjump_8: ceil=257 | floor=150
rdjump_9: ceil=251 | floor=150
rdjump_10: ceil=165 | floor=150
rdjump_11: ceil=278 | floor=150
rdjump_12: ceil=266 | floor=150
- Linear files
linear_7: ceil=254 | floor=226 | a=2
linear_8: ceil=183 | floor=171 | a=3
linear_9: ceil=219 | floor=219 | a=1
linear_10: ceil=257 | floor=154 | a=1
linear_11: ceil=179 | floor=164 | a=3
linear_12: ceil=216 | floor=211 | a=3
- Stairs Up files
stairsu_7: ceil=192 | floor=150
stairsu_8: ceil=220 | floor=150
stairsu_9: ceil=290 | floor=150
stairsu_10: ceil=272 | floor=150
stairsu_11: ceil=298 | floor=150
stairsu_12: ceil=259 | floor=150
- Stairs Down files
stairsd_7: ceil=195 | floor=150
stairsd_8: ceil=216 | floor=150
stairsd_9: ceil=191 | floor=150
stairsd_10: ceil=260 | floor=150
stairsd_11: ceil=233 | floor=150
stairsd_12: ceil=152 | floor=150
