- Sin files
sin_1: ceil=689 | floor=509 | peaks=3
sin_2: ceil=199 | floor=56 | peaks=3
sin_3: ceil=559 | floor=112 | peaks=2
sin_4: ceil=193 | floor=24 | peaks=3
sin_5: ceil=154 | floor=69 | peaks=1
sin_6: ceil=831 | floor=432 | peaks=2
sin_7: ceil=40 | floor=35 | peaks=2
sin_8: ceil=269 | floor=159 | peaks=1
sin_9: ceil=903 | floor=532 | peaks=3
sin_10: ceil=662 | floor=522 | peaks=1
sin_11: ceil=666 | floor=305 | peaks=1
sin_12: ceil=788 | floor=81 | peaks=3
sin_13: ceil=786 | floor=347 | peaks=1
sin_14: ceil=905 | floor=774 | peaks=3
sin_15: ceil=710 | floor=335 | peaks=1
sin_16: ceil=850 | floor=229 | peaks=2
sin_17: ceil=646 | floor=547 | peaks=1
sin_18: ceil=700 | floor=615 | peaks=3
sin_19: ceil=405 | floor=217 | peaks=2
sin_20: ceil=589 | floor=169 | peaks=3
sin_21: ceil=400 | floor=8 | peaks=2
sin_22: ceil=918 | floor=746 | peaks=1
sin_23: ceil=235 | floor=176 | peaks=1
sin_24: ceil=569 | floor=236 | peaks=1
- Random Stairs files
rdstairs_1: ceil=659 | floor=5
rdstairs_2: ceil=103 | floor=5
rdstairs_3: ceil=777 | floor=5
rdstairs_4: ceil=337 | floor=5
rdstairs_5: ceil=900 | floor=5
rdstairs_6: ceil=989 | floor=5
rdstairs_7: ceil=8 | floor=5
rdstairs_8: ceil=549 | floor=5
rdstairs_9: ceil=703 | floor=5
rdstairs_10: ceil=949 | floor=5
rdstairs_11: ceil=348 | floor=5
rdstairs_12: ceil=471 | floor=5
rdstairs_13: ceil=424 | floor=5
rdstairs_14: ceil=103 | floor=5
rdstairs_15: ceil=457 | floor=5
rdstairs_16: ceil=44 | floor=5
rdstairs_17: ceil=776 | floor=5
rdstairs_18: ceil=770 | floor=5
rdstairs_19: ceil=464 | floor=5
rdstairs_20: ceil=915 | floor=5
rdstairs_21: ceil=276 | floor=5
rdstairs_22: ceil=887 | floor=5
rdstairs_23: ceil=619 | floor=5
rdstairs_24: ceil=244 | floor=5
- Random Jump files
rdjump_1: ceil=421 | floor=5
rdjump_2: ceil=636 | floor=5
rdjump_3: ceil=421 | floor=5
rdjump_4: ceil=522 | floor=5
rdjump_5: ceil=513 | floor=5
rdjump_6: ceil=308 | floor=5
rdjump_7: ceil=783 | floor=5
rdjump_8: ceil=105 | floor=5
rdjump_9: ceil=563 | floor=5
rdjump_10: ceil=186 | floor=5
rdjump_11: ceil=835 | floor=5
rdjump_12: ceil=370 | floor=5
rdjump_13: ceil=64 | floor=5
rdjump_14: ceil=264 | floor=5
rdjump_15: ceil=306 | floor=5
rdjump_16: ceil=506 | floor=5
rdjump_17: ceil=935 | floor=300
rdjump_18: ceil=610 | floor=300
rdjump_19: ceil=388 | floor=300
rdjump_20: ceil=788 | floor=300
rdjump_21: ceil=951 | floor=300
rdjump_22: ceil=453 | floor=300
rdjump_23: ceil=800 | floor=300
rdjump_24: ceil=460 | floor=300
- Linear files
linear_1: ceil=557 | floor=173 | a=3
linear_2: ceil=382 | floor=283 | a=2
linear_3: ceil=847 | floor=437 | a=1
linear_4: ceil=454 | floor=414 | a=3
linear_5: ceil=783 | floor=425 | a=3
linear_6: ceil=500 | floor=13 | a=2
linear_7: ceil=310 | floor=149 | a=1
linear_8: ceil=282 | floor=66 | a=1
linear_9: ceil=869 | floor=199 | a=3
linear_10: ceil=722 | floor=419 | a=1
linear_11: ceil=388 | floor=157 | a=1
linear_12: ceil=458 | floor=356 | a=2
linear_13: ceil=191 | floor=44 | a=3
linear_14: ceil=980 | floor=950 | a=1
linear_15: ceil=937 | floor=40 | a=3
linear_16: ceil=42 | floor=37 | a=1
linear_17: ceil=669 | floor=87 | a=1
linear_18: ceil=485 | floor=303 | a=1
linear_19: ceil=763 | floor=758 | a=1
linear_20: ceil=977 | floor=304 | a=1
linear_21: ceil=382 | floor=202 | a=2
linear_22: ceil=984 | floor=303 | a=3
linear_23: ceil=784 | floor=644 | a=1
linear_24: ceil=854 | floor=811 | a=3
- Stairs Up files
stairsu_1: ceil=289 | floor=5
stairsu_2: ceil=781 | floor=5
stairsu_3: ceil=739 | floor=5
stairsu_4: ceil=496 | floor=5
stairsu_5: ceil=528 | floor=5
stairsu_6: ceil=470 | floor=5
stairsu_7: ceil=20 | floor=5
stairsu_8: ceil=322 | floor=5
stairsu_9: ceil=419 | floor=5
stairsu_10: ceil=197 | floor=5
stairsu_11: ceil=941 | floor=5
stairsu_12: ceil=642 | floor=5
stairsu_13: ceil=34 | floor=5
stairsu_14: ceil=497 | floor=5
stairsu_15: ceil=109 | floor=5
stairsu_16: ceil=820 | floor=5
stairsu_17: ceil=691 | floor=5
stairsu_18: ceil=567 | floor=5
stairsu_19: ceil=835 | floor=5
stairsu_20: ceil=396 | floor=5
stairsu_21: ceil=792 | floor=5
stairsu_22: ceil=701 | floor=5
stairsu_23: ceil=187 | floor=5
stairsu_24: ceil=379 | floor=5
- Stairs Down files
stairsd_1: ceil=797 | floor=5
stairsd_2: ceil=585 | floor=5
stairsd_3: ceil=375 | floor=5
stairsd_4: ceil=457 | floor=5
stairsd_5: ceil=63 | floor=5
stairsd_6: ceil=634 | floor=5
stairsd_7: ceil=725 | floor=5
stairsd_8: ceil=880 | floor=5
stairsd_9: ceil=856 | floor=5
stairsd_10: ceil=366 | floor=5
stairsd_11: ceil=549 | floor=5
stairsd_12: ceil=904 | floor=5
stairsd_13: ceil=175 | floor=5
stairsd_14: ceil=164 | floor=5
stairsd_15: ceil=188 | floor=5
stairsd_16: ceil=284 | floor=5
stairsd_17: ceil=27 | floor=5
stairsd_18: ceil=167 | floor=5
stairsd_19: ceil=246 | floor=5
stairsd_20: ceil=154 | floor=5
stairsd_21: ceil=407 | floor=5
stairsd_22: ceil=595 | floor=5
stairsd_23: ceil=200 | floor=5
stairsd_24: ceil=730 | floor=5
